0 info it worked if it ends with ok
1 verbose cli [ '/Users/luchenjie/.nvm/versions/node/v5.5.0/bin/node',
1 verbose cli   '/Users/luchenjie/.nvm/versions/node/v5.5.0/bin/npm',
1 verbose cli   'start' ]
2 info using npm@3.3.12
3 info using node@v5.5.0
4 verbose run-script [ 'prestart', 'start', 'poststart' ]
5 info lifecycle SlackDeployBot@0.0.1~prestart: SlackDeployBot@0.0.1
6 silly lifecycle SlackDeployBot@0.0.1~prestart: no script for prestart, continuing
7 info lifecycle SlackDeployBot@0.0.1~start: SlackDeployBot@0.0.1
8 verbose lifecycle SlackDeployBot@0.0.1~start: unsafe-perm in lifecycle true
9 verbose lifecycle SlackDeployBot@0.0.1~start: PATH: /Users/luchenjie/.nvm/versions/node/v5.5.0/lib/node_modules/npm/bin/node-gyp-bin:/Users/luchenjie/Documents/dev/ProjectNewbie/SlackDeplyBot/node_modules/.bin:/Users/luchenjie/.nvm/versions/node/v5.5.0/bin:/usr/bin:/bin:/usr/sbin:/sbin:/usr/local/bin:/opt/X11/bin
10 verbose lifecycle SlackDeployBot@0.0.1~start: CWD: /Users/luchenjie/Documents/dev/ProjectNewbie/SlackDeplyBot
11 silly lifecycle SlackDeployBot@0.0.1~start: Args: [ '-c', 'node app.js' ]
12 silly lifecycle SlackDeployBot@0.0.1~start: Returned: code: 1  signal: null
13 info lifecycle SlackDeployBot@0.0.1~start: Failed to exec start script
14 verbose stack Error: SlackDeployBot@0.0.1 start: `node app.js`
14 verbose stack Exit status 1
14 verbose stack     at EventEmitter.<anonymous> (/Users/luchenjie/.nvm/versions/node/v5.5.0/lib/node_modules/npm/lib/utils/lifecycle.js:232:16)
14 verbose stack     at emitTwo (events.js:100:13)
14 verbose stack     at EventEmitter.emit (events.js:185:7)
14 verbose stack     at ChildProcess.<anonymous> (/Users/luchenjie/.nvm/versions/node/v5.5.0/lib/node_modules/npm/lib/utils/spawn.js:24:14)
14 verbose stack     at emitTwo (events.js:100:13)
14 verbose stack     at ChildProcess.emit (events.js:185:7)
14 verbose stack     at maybeClose (internal/child_process.js:821:16)
14 verbose stack     at Process.ChildProcess._handle.onexit (internal/child_process.js:211:5)
15 verbose pkgid SlackDeployBot@0.0.1
16 verbose cwd /Users/luchenjie/Documents/dev/ProjectNewbie/SlackDeplyBot
17 error Darwin 15.4.0
18 error argv "/Users/luchenjie/.nvm/versions/node/v5.5.0/bin/node" "/Users/luchenjie/.nvm/versions/node/v5.5.0/bin/npm" "start"
19 error node v5.5.0
20 error npm  v3.3.12
21 error code ELIFECYCLE
22 error SlackDeployBot@0.0.1 start: `node app.js`
22 error Exit status 1
23 error Failed at the SlackDeployBot@0.0.1 start script 'node app.js'.
23 error Make sure you have the latest version of node.js and npm installed.
23 error If you do, this is most likely a problem with the SlackDeployBot package,
23 error not with npm itself.
23 error Tell the author that this fails on your system:
23 error     node app.js
23 error You can get their info via:
23 error     npm owner ls SlackDeployBot
23 error There is likely additional logging output above.
24 verbose exit [ 1, true ]
